# JRE version: Java(TM) SE Runtime Environment (8.0_73-b02) (build 1.8.0_73-b02)
# Java VM: Java HotSpot(TM) Client VM (25.73-b02 mixed mode windows-x86 )
Heap:
 def new generation   total 25344K, used 19247K [0x04c00000, 0x06780000, 0x0a150000)
  eden space 22528K,  72% used [0x04c00000, 0x05c0bf10, 0x06200000)
  from space 2816K, 100% used [0x064c0000, 0x06780000, 0x06780000)
  to   space 2816K,   0% used [0x06200000, 0x06200000, 0x064c0000)
 tenured generation   total 56280K, used 34660K [0x0a150000, 0x0d846000, 0x14c00000)
   the space 56280K,  61% used [0x0a150000, 0x0c329108, 0x0c329200, 0x0d846000)
 Metaspace       used 31041K, capacity 31393K, committed 31488K, reserved 32128K
GC Heap History (10 events):
Event: 7.022 GC heap before
{Heap before GC invocations=94 (full 3):
 def new generation   total 15936K, used 15474K [0x04c00000, 0x05d40000, 0x0a150000)
  eden space 14208K, 100% used [0x04c00000, 0x059e0000, 0x059e0000)
  from space 1728K,  73% used [0x059e0000, 0x05b1c8e8, 0x05b90000)
  to   space 1728K,   0% used [0x05b90000, 0x05b90000, 0x05d40000)
 tenured generation   total 35268K, used 34339K [0x0a150000, 0x0c3c1000, 0x14c00000)
   the space 35268K,  97% used [0x0a150000, 0x0c2d8ff0, 0x0c2d9000, 0x0c3c1000)
 Metaspace       used 28138K, capacity 28435K, committed 28672K, reserved 29056K
Event: 7.026 GC heap after
Heap after GC invocations=95 (full 3):
 def new generation   total 15936K, used 889K [0x04c00000, 0x05d40000, 0x0a150000)
  eden space 14208K,   0% used [0x04c00000, 0x04c00000, 0x059e0000)
  from space 1728K,  51% used [0x05b90000, 0x05c6e558, 0x05d40000)
  to   space 1728K,   0% used [0x059e0000, 0x059e0000, 0x05b90000)
 tenured generation   total 35268K, used 34926K [0x0a150000, 0x0c3c1000, 0x14c00000)
   the space 35268K,  99% used [0x0a150000, 0x0c36bbc0, 0x0c36bc00, 0x0c3c1000)
 Metaspace       used 28138K, capacity 28435K, committed 28672K, reserved 29056K
}
Event: 7.129 GC heap before
{Heap before GC invocations=95 (full 3):
 def new generation   total 15936K, used 15097K [0x04c00000, 0x05d40000, 0x0a150000)
  eden space 14208K, 100% used [0x04c00000, 0x059e0000, 0x059e0000)
  from space 1728K,  51% used [0x05b90000, 0x05c6e558, 0x05d40000)
  to   space 1728K,   0% used [0x059e0000, 0x059e0000, 0x05b90000)
 tenured generation   total 35268K, used 34926K [0x0a150000, 0x0c3c1000, 0x14c00000)
   the space 35268K,  99% used [0x0a150000, 0x0c36bbc0, 0x0c36bc00, 0x0c3c1000)
 Metaspace       used 28299K, capacity 28578K, committed 28800K, reserved 29056K
Event: 7.226 GC heap after
Heap after GC invocations=96 (full 4):
 def new generation   total 25344K, used 0K [0x04c00000, 0x06780000, 0x0a150000)
  eden space 22528K,   0% used [0x04c00000, 0x04c00000, 0x06200000)
  from space 2816K,   0% used [0x06200000, 0x06200000, 0x064c0000)
  to   space 2816K,   0% used [0x064c0000, 0x064c0000, 0x06780000)
 tenured generation   total 56280K, used 33767K [0x0a150000, 0x0d846000, 0x14c00000)
   the space 56280K,  59% used [0x0a150000, 0x0c249cd0, 0x0c249e00, 0x0d846000)
 Metaspace       used 28299K, capacity 28578K, committed 28800K, reserved 29056K
}
Event: 7.416 GC heap before
{Heap before GC invocations=96 (full 4):
 def new generation   total 25344K, used 22528K [0x04c00000, 0x06780000, 0x0a150000)
  eden space 22528K, 100% used [0x04c00000, 0x06200000, 0x06200000)
  from space 2816K,   0% used [0x06200000, 0x06200000, 0x064c0000)
  to   space 2816K,   0% used [0x064c0000, 0x064c0000, 0x06780000)
 tenured generation   total 56280K, used 33767K [0x0a150000, 0x0d846000, 0x14c00000)
   the space 56280K,  59% used [0x0a150000, 0x0c249cd0, 0x0c249e00, 0x0d846000)
 Metaspace       used 28421K, capacity 28738K, committed 28928K, reserved 29056K
Event: 7.421 GC heap after
Heap after GC invocations=97 (full 4):
 def new generation   total 25344K, used 1042K [0x04c00000, 0x06780000, 0x0a150000)
  eden space 22528K,   0% used [0x04c00000, 0x04c00000, 0x06200000)
  from space 2816K,  37% used [0x064c0000, 0x065c49e8, 0x06780000)
  to   space 2816K,   0% used [0x06200000, 0x06200000, 0x064c0000)
 tenured generation   total 56280K, used 33767K [0x0a150000, 0x0d846000, 0x14c00000)
   the space 56280K,  59% used [0x0a150000, 0x0c249cd0, 0x0c249e00, 0x0d846000)
 Metaspace       used 28421K, capacity 28738K, committed 28928K, reserved 29056K
}
Event: 17.744 GC heap before
{Heap before GC invocations=97 (full 4):
 def new generation   total 25344K, used 23570K [0x04c00000, 0x06780000, 0x0a150000)
  eden space 22528K, 100% used [0x04c00000, 0x06200000, 0x06200000)
  from space 2816K,  37% used [0x064c0000, 0x065c49e8, 0x06780000)
  to   space 2816K,   0% used [0x06200000, 0x06200000, 0x064c0000)
 tenured generation   total 56280K, used 33767K [0x0a150000, 0x0d846000, 0x14c00000)
   the space 56280K,  59% used [0x0a150000, 0x0c249cd0, 0x0c249e00, 0x0d846000)
 Metaspace       used 29147K, capacity 29475K, committed 29568K, reserved 30080K
Event: 17.753 GC heap after
Heap after GC invocations=98 (full 4):
 def new generation   total 25344K, used 1872K [0x04c00000, 0x06780000, 0x0a150000)
  eden space 22528K,   0% used [0x04c00000, 0x04c00000, 0x06200000)
  from space 2816K,  66% used [0x06200000, 0x063d4078, 0x064c0000)
  to   space 2816K,   0% used [0x064c0000, 0x064c0000, 0x06780000)
 tenured generation   total 56280K, used 33767K [0x0a150000, 0x0d846000, 0x14c00000)
   the space 56280K,  59% used [0x0a150000, 0x0c249cd0, 0x0c249e00, 0x0d846000)
 Metaspace       used 29147K, capacity 29475K, committed 29568K, reserved 30080K
}
Event: 43.834 GC heap before
{Heap before GC invocations=98 (full 4):
 def new generation   total 25344K, used 24400K [0x04c00000, 0x06780000, 0x0a150000)
  eden space 22528K, 100% used [0x04c00000, 0x06200000, 0x06200000)
  from space 2816K,  66% used [0x06200000, 0x063d4078, 0x064c0000)
  to   space 2816K,   0% used [0x064c0000, 0x064c0000, 0x06780000)
 tenured generation   total 56280K, used 33767K [0x0a150000, 0x0d846000, 0x14c00000)
   the space 56280K,  59% used [0x0a150000, 0x0c249cd0, 0x0c249e00, 0x0d846000)
 Metaspace       used 30288K, capacity 30588K, committed 30720K, reserved 31104K
Event: 43.845 GC heap after
Heap after GC invocations=99 (full 4):
 def new generation   total 25344K, used 2816K [0x04c00000, 0x06780000, 0x0a150000)
  eden space 22528K,   0% used [0x04c00000, 0x04c00000, 0x06200000)
  from space 2816K, 100% used [0x064c0000, 0x06780000, 0x06780000)
  to   space 2816K,   0% used [0x06200000, 0x06200000, 0x064c0000)
 tenured generation   total 56280K, used 34660K [0x0a150000, 0x0d846000, 0x14c00000)
   the space 56280K,  61% used [0x0a150000, 0x0c329108, 0x0c329200, 0x0d846000)
 Metaspace       used 30288K, capacity 30588K, committed 30720K, reserved 31104K
}

